Log file open, 07/26/16 21:31:06
LogInit:Display: Running engine for game: VRWorkPlaceDes
LogPlatformFile: Not using cached read wrapper
LogInit:Display: RandInit(357435037) SRandInit(357435038).
LogTaskGraph: Started task graph with 4 named threads and 7 total threads with 1 sets of task threads.
LogStats: Stats thread started at 0.087415
LogInit: Version: 4.12.5-3039270+++UE4+Release-4.12
LogInit: API Version: 2992821
LogInit: Net Version: 3039270
LogDevObjectVersion: Number of dev versions registered: 13
LogDevObjectVersion:   Dev-Blueprints (B0D832E4-1F89-4F0D-ACCF-7EB736FD4AA2): 3
LogDevObjectVersion:   Dev-Build (E1C64328-A22C-4D53-A36C-8E866417BD8C): 0
LogDevObjectVersion:   Dev-Core (375EC13C-06E4-48FB-B500-84F0262A717E): 1
LogDevObjectVersion:   Dev-Editor (E4B068ED-F494-42E9-A231-DA0B2E46BB41): 2
LogDevObjectVersion:   Dev-Framework (CFFC743F-43B0-4480-9391-14DF171D2073): 6
LogDevObjectVersion:   Dev-Mobile (B02B49B5-BB20-44E9-A304-32B752E40360): 0
LogDevObjectVersion:   Dev-Networking (A4E4105C-59A1-49B5-A7C5-40C4547EDFEE): 0
LogDevObjectVersion:   Dev-Online (39C831C9-5AE6-47DC-9A44-9C173E1C8E7C): 0
LogDevObjectVersion:   Dev-Physics (78F01B33-EBEA-4F98-B9B4-84EACCB95AA2): 0
LogDevObjectVersion:   Dev-Platform (6631380F-2D4D-43E0-8009-CF276956A95A): 0
LogDevObjectVersion:   Dev-Rendering (12F88B9F-8875-4AFC-A67C-D90C383ABD29): 2
LogDevObjectVersion:   Dev-Sequencer (7B5AE74C-D270-4C10-A958-57980B212A5A): 0
LogDevObjectVersion:   Dev-VR (D7296918-1DD6-4BDD-9DE2-64A83CC13884): 0
LogInit: Compiled (64-bit): Jul  6 2016 09:09:46
LogInit: Compiled with Visual C++: 19.00.23026.00
LogInit: Build Configuration: Development
LogInit: Branch Name: ++UE4+Release-4.12
LogInit: Command line: -EpicPortal 
LogInit: Base directory: D:/Program Files/Epic Games/4.12/Engine/Binaries/Win64/
LogInit: Installed Engine Build: 1
LogInit: Using libcurl 7.41.0
LogInit:  - built for x86_64-pc-win32
LogInit:  - supports SSL with WinSSL
LogInit:  - other features:
LogInit:      CURL_VERSION_SSL
LogInit:      CURL_VERSION_IPV6
LogInit:      CURL_VERSION_ASYNCHDNS
LogInit:      CURL_VERSION_LARGEFILE
LogInit:      CURL_VERSION_IDN
LogInit:  CurlRequestOptions (configurable via config and command line):
LogInit:  - bVerifyPeer = true  - Libcurl will verify peer certificate
LogInit:  - bUseHttpProxy = false  - Libcurl will NOT use HTTP proxy
LogInit:  - bDontReuseConnections = false  - Libcurl will reuse connections
LogInit:  - CertBundlePath = nullptr  - Libcurl will use whatever was configured at build time.
LogInit: Presizing for max 8388607 objects, including 0 objects not considered by GC, pre-allocating 0 bytes for permanent pool.
LogInit: Object subsystem initialized
[2016.07.26-18.31.06:451][  0]LogInit: Selected Device Profile: [Windows]
[2016.07.26-18.31.06:451][  0]LogInit: Applying CVar settings loaded from the selected device profile: [Windows]
[2016.07.26-18.31.06:463][  0]LogInit: Computer: ASDASDASD-PC
[2016.07.26-18.31.06:463][  0]LogInit: User: asdasdasd
[2016.07.26-18.31.06:463][  0]LogInit: CPU Page size=65536, Cores=4
[2016.07.26-18.31.06:463][  0]LogInit: High frequency timer resolution =3.492158 MHz
[2016.07.26-18.31.06:463][  0]LogMemory: Memory total: Physical=19.9GB (20GB approx)
[2016.07.26-18.31.06:463][  0]LogMemory: Platform Memory Stats for Windows
[2016.07.26-18.31.06:463][  0]LogMemory: Process Physical Memory: 191.12 MB used, 191.12 MB peak
[2016.07.26-18.31.06:463][  0]LogMemory: Process Virtual Memory: 196.93 MB used, 196.93 MB peak
[2016.07.26-18.31.06:463][  0]LogMemory: Physical Memory: 7169.05 MB used, 20377.45 MB total
[2016.07.26-18.31.06:463][  0]LogMemory: Virtual Memory: 522.43 MB used, 8388608.00 MB total
[2016.07.26-18.31.06:505][  0]LogTextLocalizationManager: No specific translations for ('en-US') exist, so ('en') translations will be used.
[2016.07.26-18.31.07:045][  0]LogD3D11RHI: D3D11 adapters:
[2016.07.26-18.31.07:073][  0]LogD3D11RHI:    0. 'NVIDIA GeForce GTX 970' (Feature Level 11_0)
[2016.07.26-18.31.07:073][  0]LogD3D11RHI:       4007/0/9932 MB DedicatedVideo/DedicatedSystem/SharedSystem, Outputs:2, VendorId:0x10de
[2016.07.26-18.31.07:073][  0]LogD3D11RHI: Chosen D3D11 Adapter: 0
[2016.07.26-18.31.07:081][  0]LogD3D11RHI: Creating new Direct3DDevice
[2016.07.26-18.31.07:081][  0]LogD3D11RHI:     GPU DeviceId: 0x13c2 (for the marketing name, search the web for "GPU Device Id")
[2016.07.26-18.31.07:081][  0]LogWindows: EnumDisplayDevices:
[2016.07.26-18.31.07:081][  0]LogWindows:    0. 'NVIDIA GeForce GTX 970' (P:0 D:1)
[2016.07.26-18.31.07:081][  0]LogWindows:    1. 'NVIDIA GeForce GTX 970' (P:1 D:1)
[2016.07.26-18.31.07:081][  0]LogWindows:    2. 'NVIDIA GeForce GTX 970' (P:0 D:0)
[2016.07.26-18.31.07:081][  0]LogWindows:    3. 'NVIDIA GeForce GTX 970' (P:0 D:0)
[2016.07.26-18.31.07:081][  0]LogWindows:    4. 'RDPDD Chained DD' (P:0 D:0)
[2016.07.26-18.31.07:082][  0]LogWindows:    5. 'RDP Encoder Mirror Driver' (P:0 D:0)
[2016.07.26-18.31.07:082][  0]LogWindows:    6. 'RDP Reflector Display Driver' (P:0 D:0)
[2016.07.26-18.31.07:082][  0]LogWindows: DebugString: GetVideoDriverDetailsInvalid PrimaryIsNotTheChoosenAdapter GetVideoDriverDetailsInvalid PrimaryIsNotTheChoosenAdapter GetVideoDriverDetailsInvalid PrimaryIsNotTheChoosenAdapter FoundDriverCount:4 
[2016.07.26-18.31.07:082][  0]LogD3D11RHI:     Adapter Name: NVIDIA GeForce GTX 970
[2016.07.26-18.31.07:082][  0]LogD3D11RHI:   Driver Version: 365.19 (internal:10.18.13.6519, unified:365.19)
[2016.07.26-18.31.07:082][  0]LogD3D11RHI:      Driver Date: 5-9-2016
[2016.07.26-18.31.07:082][  0]LogRHI: Texture pool is 1361 MB (70% of 1945 MB)
[2016.07.26-18.31.07:100][  0]LogD3D11RHI: Async texture creation enabled
[2016.07.26-18.31.07:116][  0]LogD3D11RHI: GPU Timing Frequency: 1000.000000 (Debug: 2 2)
[2016.07.26-18.31.07:116][  0]LogShaderCompilers: Guid format shader working directory is -5 characters bigger than the processId version (../../../../../../UnrealEngine4Projects/VRWorkPlaceDes/Intermediate/Shaders/WorkingDirectory/9208/).
[2016.07.26-18.31.07:116][  0]LogShaderCompilers: Cleaned the shader compiler working directory 'C:/Users/ASDASD~1/AppData/Local/Temp/UnrealShaderWorkingDir/A82C5A294CC410F55B02DA830D24C20A/'.
[2016.07.26-18.31.07:116][  0]LogShaderCompilers:Display: Using Local Shader Compiler.
[2016.07.26-18.31.08:331][  0]LogTemp:Display: Loaded TP AllDesktopTargetPlatform
[2016.07.26-18.31.08:344][  0]LogTemp:Display: Loaded TP WindowsClientTargetPlatform
[2016.07.26-18.31.08:359][  0]LogTemp:Display: Loaded TP WindowsNoEditorTargetPlatform
[2016.07.26-18.31.08:373][  0]LogTemp:Display: Loaded TP WindowsServerTargetPlatform
[2016.07.26-18.31.08:387][  0]LogTemp:Display: Loaded TP WindowsTargetPlatform
[2016.07.26-18.31.08:399][  0]LogTemp:Display: Loaded TP AndroidTargetPlatform
[2016.07.26-18.31.08:411][  0]LogTemp:Display: Loaded TP Android_ASTCTargetPlatform
[2016.07.26-18.31.08:423][  0]LogTemp:Display: Loaded TP Android_ATCTargetPlatform
[2016.07.26-18.31.08:434][  0]LogTemp:Display: Loaded TP Android_DXTTargetPlatform
[2016.07.26-18.31.08:446][  0]LogTemp:Display: Loaded TP Android_ETC1TargetPlatform
[2016.07.26-18.31.08:458][  0]LogTemp:Display: Loaded TP Android_ETC2TargetPlatform
[2016.07.26-18.31.08:482][  0]LogTemp:Display: Loaded TP Android_MultiTargetPlatform
[2016.07.26-18.31.08:482][  0]LogTemp:Display: Loaded TP Android_PVRTCTargetPlatform
[2016.07.26-18.31.08:483][  0]LogTemp:Display: Loaded TP HTML5TargetPlatform
[2016.07.26-18.31.08:509][  0]LogTemp:Display: Loaded TP IOSTargetPlatform
[2016.07.26-18.31.08:520][  0]LogTemp:Display: Loaded TP TVOSTargetPlatform
[2016.07.26-18.31.08:531][  0]LogTemp:Display: Loaded TP LinuxNoEditorTargetPlatform
[2016.07.26-18.31.08:543][  0]LogTemp:Display: Loaded TP LinuxServerTargetPlatform
[2016.07.26-18.31.08:554][  0]LogTemp:Display: Loaded TP LinuxTargetPlatform
[2016.07.26-18.31.08:554][  0]LogTargetPlatformManager:Display: Building Assets For Windows
[2016.07.26-18.31.08:657][  0]LogDerivedDataCache:Display: Max Cache Size: 512 MB
[2016.07.26-18.31.08:750][  0]LogDerivedDataCache: Loaded boot cache 0.09s 48MB C:/Users/asdasdasd/AppData/Local/UnrealEngine/4.12/DerivedDataCache/Boot.ddc.
[2016.07.26-18.31.08:751][  0]LogDerivedDataCache:Display: Loaded Boot cache: C:/Users/asdasdasd/AppData/Local/UnrealEngine/4.12/DerivedDataCache/Boot.ddc
[2016.07.26-18.31.08:751][  0]LogDerivedDataCache: FDerivedDataBackendGraph:  Pak pak cache file ../../../../../../UnrealEngine4Projects/VRWorkPlaceDes/DerivedDataCache/DDC.ddp not found, will not use a pak cache.
[2016.07.26-18.31.08:751][  0]LogDerivedDataCache: Unable to find inner node Pak for hierarchical cache Hierarchy.
[2016.07.26-18.31.08:751][  0]LogDerivedDataCache: FDerivedDataBackendGraph:  CompressedPak pak cache file ../../../../../../UnrealEngine4Projects/VRWorkPlaceDes/DerivedDataCache/Compressed.ddp not found, will not use a pak cache.
[2016.07.26-18.31.08:751][  0]LogDerivedDataCache: Unable to find inner node CompressedPak for hierarchical cache Hierarchy.
[2016.07.26-18.31.08:774][  0]LogDerivedDataCache:Display: Pak cache opened for reading ../../../Engine/DerivedDataCache/Compressed.ddp.
[2016.07.26-18.31.08:785][  0]LogDerivedDataCache: Using Local data cache path C:/Users/asdasdasd/AppData/Local/UnrealEngine/Common/DerivedDataCache: Writable
[2016.07.26-18.31.09:039][  0]LogInit: Selected Device Profile: [Windows]
[2016.07.26-18.31.09:040][  0]LogContentStreaming: Texture pool size is 0.00 MB
[2016.07.26-18.31.09:243][  0]LogMeshUtilities: No automatic mesh reduction module available
[2016.07.26-18.31.09:243][  0]LogMeshUtilities: No automatic mesh merging module available
[2016.07.26-18.31.09:243][  0]LogMeshUtilities: No distributed automatic mesh merging module available
[2016.07.26-18.31.09:600][  0]LogAssetRegistry: FAssetRegistry took 0.0203 seconds to start up
[2016.07.26-18.31.09:626][  0]LogPackageLocalizationCache: Processed 3 localized package path(s) for 2 prioritized culture(s) in 0.020173 seconds
[2016.07.26-18.31.09:635][  0]LogUObjectArray: 28739 objects as part of root set at end of initial load.
[2016.07.26-18.31.09:635][  0]LogUObjectAllocator: 5855632 out of 0 bytes used by permanent object pool.
[2016.07.26-18.31.09:635][  0]LogUObjectArray: CloseDisregardForGC: 0/0 objects in disregard for GC pool
[2016.07.26-18.31.09:649][  0]LogInit: WinSock: version 1.1 (2.2), MaxSocks=32767, MaxUdp=65467
[2016.07.26-18.31.09:877][  0]LogSlate: SlateFontCache - WITH_FREETYPE: 1, WITH_HARFBUZZ: 1
[2016.07.26-18.31.09:877][  0]LogSlate: SlateFontCache - WITH_FREETYPE: 1, WITH_HARFBUZZ: 1
[2016.07.26-18.31.10:684][  0]LogUdpMessaging: Initializing bridge on interface 0.0.0.0:0 to multicast group 230.0.0.1:6666.
[2016.07.26-18.31.10:934][  0]SourceControl: Info Source control is disabled
[2016.07.26-18.31.10:936][  0]SourceControl: Info Source control is disabled
[2016.07.26-18.31.10:947][  0]SourceControl: Info Source control is disabled
[2016.07.26-18.31.10:958][  0]SourceControl: Info Source control is disabled
[2016.07.26-18.31.11:246][  0]LogEngine: Initializing Engine...
[2016.07.26-18.31.11:257][  0]LogHMD: SteamVR failed to initialize.  Err: 126
[2016.07.26-18.31.11:262][  0]LogHMD: SteamVR failed to initialize.  Err: 126
[2016.07.26-18.31.11:450][  0]LogAIModule: Creating AISystem for world NewWorld
[2016.07.26-18.31.11:462][  0]LogInit: XAudio2 using 'Speakers (Realtek High Definition Audio)' : 2 channels at 48 kHz using 32 bits per sample (channel mask 0x3)
[2016.07.26-18.31.11:474][  0]LogInit: FAudioDevice initialized.
[2016.07.26-18.31.11:521][  0]LogDerivedDataCache: Saved boot cache 0.05s 48MB C:/Users/asdasdasd/AppData/Local/UnrealEngine/4.12/DerivedDataCache/Boot.ddc.
[2016.07.26-18.31.11:537][  0]LogInit: Texture streaming: Enabled
[2016.07.26-18.31.11:567][  0]LogInit: Transaction tracking system initialized
[2016.07.26-18.31.11:599][  0]BlueprintLog: New page: Editor Load
[2016.07.26-18.31.11:698][  0]LocalizationService: Info Localization service is disabled
[2016.07.26-18.31.12:185][  0]LogConsoleResponse:Display: 
[2016.07.26-18.31.12:302][  0]LogCook:Display: Max memory allowance for cook 8192mb
[2016.07.26-18.31.12:302][  0]LogCook:Display: Mobile HDR setting 1
[2016.07.26-18.31.12:430][  0]LogFileCache: Scanning file cache for directory 'D:/UnrealEngine4Projects/VRWorkPlaceDes/Content/' took 0.01s
[2016.07.26-18.31.12:430][  0]SourceControl: Info Source control is disabled
[2016.07.26-18.31.12:430][  0]Cmd: MAP LOAD FILE="../../../Engine/Content/Maps/Templates/Template_Default.umap" TEMPLATE=1 SHOWPROGRESS=1 FEATURELEVEL=3
[2016.07.26-18.31.12:431][  0]LightingResults: New page: Lighting Build
[2016.07.26-18.31.12:435][  0]MapCheck: New page: Map Check
[2016.07.26-18.31.12:435][  0]LightingResults: New page: Lighting Build
[2016.07.26-18.31.12:827][  0]LogAIModule: Creating AISystem for world Untitled_1
[2016.07.26-18.31.12:833][  0]LogEditorServer: Finished looking for orphan Actors (0.000 secs)
[2016.07.26-18.31.12:840][  0]Cmd: MAP CHECKDEP NOCLEARLOG
[2016.07.26-18.31.12:876][  0]MapCheck: Info Map check complete: 0 Error(s), 0 Warning(s), took 36.268ms to complete.
[2016.07.26-18.31.12:876][  0]LogFileHelpers: Loading map 'Template_Default' took 0.446
[2016.07.26-18.31.13:056][  0]LogCollectionManager: Loaded 0 collections in 0.002899 seconds
[2016.07.26-18.31.13:109][  0]LogFileCache: Scanning file cache for directory 'D:/UnrealEngine4Projects/VRWorkPlaceDes/Saved/Collections/' took 0.01s
[2016.07.26-18.31.13:109][  0]LogFileCache: Scanning file cache for directory 'D:/UnrealEngine4Projects/VRWorkPlaceDes/Content/Developers/asdasdasd/Collections/' took 0.01s
[2016.07.26-18.31.13:109][  0]LogFileCache: Scanning file cache for directory 'D:/UnrealEngine4Projects/VRWorkPlaceDes/Content/Collections/' took 0.01s
[2016.07.26-18.31.13:109][  0]LogCollectionManager: Rebuilt the GUID cache for 0 collections in 0.000003 seconds
[2016.07.26-18.31.13:122][  0]LogContentBrowser: Native class hierarchy populated in 0.0130 seconds. Added 2048 classes and 372 folders.
[2016.07.26-18.31.13:128][  0]LogStats: UGameplayTagsManager::ConstructGameplayTagTree: Construct from data asset -  0.000 s
[2016.07.26-18.31.13:128][  0]LogStats: UGameplayTagsManager::ConstructGameplayTagTree: GameplayTagTreeChangedEvent.Broadcast -  0.000 s
[2016.07.26-18.31.13:128][  0]LogContentBrowser: Native class hierarchy updated for 'GameplayTags' in 0.0006 seconds. Added 12 classes and 0 folders.
[2016.07.26-18.31.13:136][  0]LogContentBrowser: Native class hierarchy updated for 'WidgetCarousel' in 0.0004 seconds. Added 0 classes and 0 folders.
[2016.07.26-18.31.13:185][  0]LogContentBrowser: Native class hierarchy updated for 'AddContentDialog' in 0.0007 seconds. Added 0 classes and 0 folders.
[2016.07.26-18.31.13:191][  0]LogContentBrowser: Native class hierarchy updated for 'SceneOutliner' in 0.0005 seconds. Added 1 classes and 2 folders.
[2016.07.26-18.31.13:209][  0]LogCrashTracker: Crashtracker disabled due to settings.
[2016.07.26-18.31.13:229][  0]LogDirectoryWatcher:Warning: Failed to begin reading directory changes for ../../../../../../UnrealEngine4Projects/VRWorkPlaceDes/Plugins/. Error: The system cannot find the file specified. (0x00000002)
[2016.07.26-18.31.13:234][  0]LogUObjectGlobals:Warning: Failed to find object 'Class None.'
[2016.07.26-18.31.13:260][  0]LogContentBrowser: Native class hierarchy updated for 'HierarchicalLODOutliner' in 0.0005 seconds. Added 1 classes and 2 folders.
[2016.07.26-18.31.13:260][  0]LogLoad: Full Startup: 7.71 seconds (BP compile: 0.07 seconds)
[2016.07.26-18.31.13:260][  0]LogExternalProfiler: Found external profiler: VSPerf
[2016.07.26-18.31.13:260][  0]LogExternalProfiler: Using external profiler: VSPerf
[2016.07.26-18.31.13:273][  0]LogOcInput: OculusInput pre-init called
[2016.07.26-18.31.13:294][  0]LogContentStreaming: Texture pool size now 1000 MB
[2016.07.26-18.31.13:486][  0]LogRenderer: Reallocating scene render targets to support 1288x436 (Frame:2).
[2016.07.26-18.31.13:656][  3]LogAssetRegistry: Asset discovery search completed in 4.0767 seconds
[2016.07.26-18.31.13:656][  3]LogCollectionManager: Rebuilt the object cache for 0 collections in 0.000002 seconds (found 0 objects)
[2016.07.26-18.31.13:656][  3]LogCollectionManager: Fixed up redirectors for 0 collections in 0.000046 seconds (updated 0 objects)
[2016.07.26-18.31.23:733][122]LogContentBrowser: Native class hierarchy updated for 'BlueprintGraph' in 0.0012 seconds. Added 111 classes and 0 folders.
[2016.07.26-18.33.46:348][635]BlueprintLog: New page: Compile WebWidget
[2016.07.26-18.33.46:504][635]BlueprintEditorCompileResults: Info [0160.95] Compile of WebWidget successful! [in 155 ms] (/Game/CreatedObjects/WebWidget.WebWidget)
[2016.07.26-18.33.47:007][662]Cmd: OBJ SAVEPACKAGE PACKAGE="/Game/CreatedObjects/WebWidget" FILE="../../../../../../UnrealEngine4Projects/VRWorkPlaceDes/Content/CreatedObjects/WebWidget.uasset" SILENT=true
[2016.07.26-18.33.47:022][662]LogSavePackage: Save=9.95ms
[2016.07.26-18.33.47:022][662]LogSavePackage: Moving '../../../../../../UnrealEngine4Projects/VRWorkPlaceDes/Saved/WebWidget208022DA48E40A9DD1B16A9017A04A4D.tmp' to '../../../../../../UnrealEngine4Projects/VRWorkPlaceDes/Content/CreatedObjects/WebWidget.uasset'
[2016.07.26-18.33.47:023][662]LogSavePackage:Display: Finished SavePackage ../../../../../../UnrealEngine4Projects/VRWorkPlaceDes/Content/CreatedObjects/WebWidget.uasset
[2016.07.26-18.34.15:343][275]LogRenderer: Reallocating scene render targets to support 1288x688 (Frame:10179).
[2016.07.26-18.35.45:991][866]LogSlate:Warning: Prevented a slow task dialog from being summoned while a context menu was open
[2016.07.26-18.36.43:172][582]BlueprintLog: New page: Compile WebBP
[2016.07.26-18.36.43:630][582]BlueprintEditorCompileResults: Info [0338.08] Compile of WebBP successful! [in 457 ms] (/Game/CreatedObjects/WebBP.WebBP)
[2016.07.26-18.36.59:095][407]Cmd: OBJ SAVEPACKAGE PACKAGE="/Game/CreatedObjects/WebBP" FILE="../../../../../../UnrealEngine4Projects/VRWorkPlaceDes/Content/CreatedObjects/WebBP.uasset" SILENT=true
[2016.07.26-18.36.59:121][407]LogSavePackage: Save=25.13ms
[2016.07.26-18.36.59:121][407]LogSavePackage: Moving '../../../../../../UnrealEngine4Projects/VRWorkPlaceDes/Saved/WebBPF0C758834F8DF39F946417B9BF175183.tmp' to '../../../../../../UnrealEngine4Projects/VRWorkPlaceDes/Content/CreatedObjects/WebBP.uasset'
[2016.07.26-18.36.59:122][407]LogSavePackage:Display: Finished SavePackage ../../../../../../UnrealEngine4Projects/VRWorkPlaceDes/Content/CreatedObjects/WebBP.uasset
[2016.07.26-18.37.00:945][615]Cmd: OBJ SAVEPACKAGE PACKAGE="/Game/CreatedObjects/WebWidget" FILE="../../../../../../UnrealEngine4Projects/VRWorkPlaceDes/Content/CreatedObjects/WebWidget.uasset" SILENT=true
[2016.07.26-18.37.00:956][615]LogSavePackage: Save=9.66ms
[2016.07.26-18.37.00:956][615]LogSavePackage: Moving '../../../../../../UnrealEngine4Projects/VRWorkPlaceDes/Saved/WebWidgetD74D10F745CD6BF79B96CDB20C28AC65.tmp' to '../../../../../../UnrealEngine4Projects/VRWorkPlaceDes/Content/CreatedObjects/WebWidget.uasset'
[2016.07.26-18.37.00:957][615]LogSavePackage:Display: Finished SavePackage ../../../../../../UnrealEngine4Projects/VRWorkPlaceDes/Content/CreatedObjects/WebWidget.uasset
[2016.07.26-18.37.15:593][730]LogText:Warning: Failed to parse argument "ExistingAsset" as a number (using "0" as a fallback). Please check your format string for errors: "{ExistingAsset} already exists. Do you want to replace it?".
[2016.07.26-18.37.17:755][730]Cmd: OBJ SAVEPACKAGE PACKAGE="/Game/Scene/vrWorkplace" FILE="../../../../../../UnrealEngine4Projects/VRWorkPlaceDes/Content/Scene/vrWorkplace.umap" SILENT=true AUTOSAVING=false KEEPDIRTY=false
[2016.07.26-18.37.17:827][730]LogSavePackage: Save=32.94ms
[2016.07.26-18.37.17:827][730]LogSavePackage: Moving '../../../../../../UnrealEngine4Projects/VRWorkPlaceDes/Saved/vrWorkplace6F68B08A42ED83ACB4EE8AB00E49ED27.tmp' to '../../../../../../UnrealEngine4Projects/VRWorkPlaceDes/Content/Scene/vrWorkplace.umap'
[2016.07.26-18.37.17:828][730]LogSavePackage:Display: Finished SavePackage ../../../../../../UnrealEngine4Projects/VRWorkPlaceDes/Content/Scene/vrWorkplace.umap
[2016.07.26-18.37.17:848][730]LogFileHelpers: Saving map 'vrWorkplace' took 0.386
[2016.07.26-18.37.47:815][875]LogPlayLevel: PlayLevel: No blueprints needed recompiling
[2016.07.26-18.37.47:815][875]PIE: New page: PIE session: vrWorkplace (Jul 26, 2016, 11:37:47 PM)
[2016.07.26-18.37.47:815][875]LogPlayLevel: Creating play world package: /Game/Scene/UEDPIE_0_vrWorkplace
[2016.07.26-18.37.47:818][875]LogPlayLevel: PIE: StaticDuplicateObject took: (0.002770s)
[2016.07.26-18.37.47:819][875]LogAIModule: Creating AISystem for world vrWorkplace
[2016.07.26-18.37.47:819][875]LogPlayLevel: PIE: World Init took: (0.001206s)
[2016.07.26-18.37.47:819][875]LogPlayLevel: PIE: Created PIE world by copying editor world from /Game/Scene/vrWorkplace.vrWorkplace to /Game/Scene/UEDPIE_0_vrWorkplace.vrWorkplace (0.004238s)
[2016.07.26-18.37.47:871][875]LogInit: XAudio2 using 'Speakers (Realtek High Definition Audio)' : 2 channels at 48 kHz using 32 bits per sample (channel mask 0x3)
[2016.07.26-18.37.47:880][875]LogInit: FAudioDevice initialized.
[2016.07.26-18.37.47:955][875]LogWorld: Game class is 'GameMode'
[2016.07.26-18.37.47:958][875]LogWorld: Bringing World /Game/Scene/UEDPIE_0_vrWorkplace.vrWorkplace up for play (max tick rate 0) at 2016.07.26-21.37.47
[2016.07.26-18.37.47:959][875]LogWorld: Bringing up level for play took: 0.002722
[2016.07.26-18.37.47:965][875]LogContentBrowser: Native class hierarchy updated for 'MovieSceneCapture' in 0.0006 seconds. Added 11 classes and 0 folders.
[2016.07.26-18.37.47:966][875]PIE: Info Play in editor start time for /Game/Scene/UEDPIE_0_vrWorkplace 0.726
[2016.07.26-18.37.48:007][875]LogContentBrowser: Native class hierarchy updated for 'WebBrowser' in 0.0006 seconds. Added 0 classes and 0 folders.
[2016.07.26-18.38.10:414][455]BlueprintLog: New page: Compile WebBP
[2016.07.26-18.38.10:564][455]BlueprintEditorCompileResults: Info [0425.01] Compile of WebBP successful! [in 149 ms] (/Game/CreatedObjects/WebBP.WebBP)
[2016.07.26-18.38.14:904][954]LogPlayLevel: PlayLevel: No blueprints needed recompiling
[2016.07.26-18.38.14:904][954]PIE: New page: PIE session: vrWorkplace (Jul 26, 2016, 11:38:14 PM)
[2016.07.26-18.38.14:904][954]LogPlayLevel: Creating play world package: /Game/Scene/UEDPIE_0_vrWorkplace
[2016.07.26-18.38.14:907][954]LogPlayLevel: PIE: StaticDuplicateObject took: (0.003176s)
[2016.07.26-18.38.14:908][954]LogAIModule: Creating AISystem for world vrWorkplace
[2016.07.26-18.38.14:908][954]LogPlayLevel: PIE: World Init took: (0.001150s)
[2016.07.26-18.38.14:908][954]LogPlayLevel: PIE: Created PIE world by copying editor world from /Game/Scene/vrWorkplace.vrWorkplace to /Game/Scene/UEDPIE_0_vrWorkplace.vrWorkplace (0.004554s)
[2016.07.26-18.38.14:950][954]LogInit: XAudio2 using 'Speakers (Realtek High Definition Audio)' : 2 channels at 48 kHz using 32 bits per sample (channel mask 0x3)
[2016.07.26-18.38.14:959][954]LogInit: FAudioDevice initialized.
[2016.07.26-18.38.15:018][954]LogWorld: Game class is 'GameMode'
[2016.07.26-18.38.15:022][954]LogWorld: Bringing World /Game/Scene/UEDPIE_0_vrWorkplace.vrWorkplace up for play (max tick rate 0) at 2016.07.26-21.38.15
[2016.07.26-18.38.15:022][954]LogWorld: Bringing up level for play took: 0.002440
[2016.07.26-18.38.15:024][954]PIE: Info Play in editor start time for /Game/Scene/UEDPIE_0_vrWorkplace -0.215
[2016.07.26-18.38.47:894][837]BlueprintLog: New page: Compile WebWidget
[2016.07.26-18.38.48:024][837]BlueprintEditorCompileResults: Info [0462.47] Compile of WebWidget successful! [in 129 ms] (/Game/CreatedObjects/WebWidget.WebWidget)
[2016.07.26-18.38.48:589][898]Cmd: OBJ SAVEPACKAGE PACKAGE="/Game/CreatedObjects/WebWidget" FILE="../../../../../../UnrealEngine4Projects/VRWorkPlaceDes/Content/CreatedObjects/WebWidget.uasset" SILENT=true
[2016.07.26-18.38.48:600][898]LogSavePackage: Save=9.41ms
[2016.07.26-18.38.48:600][898]LogSavePackage: Moving '../../../../../../UnrealEngine4Projects/VRWorkPlaceDes/Saved/WebWidget67FE09624FD1494CFCB383A24C8B94AB.tmp' to '../../../../../../UnrealEngine4Projects/VRWorkPlaceDes/Content/CreatedObjects/WebWidget.uasset'
[2016.07.26-18.38.48:602][898]LogSavePackage:Display: Finished SavePackage ../../../../../../UnrealEngine4Projects/VRWorkPlaceDes/Content/CreatedObjects/WebWidget.uasset
[2016.07.26-18.38.51:061][179]Cmd: OBJ SAVEPACKAGE PACKAGE="/Game/CreatedObjects/WebBP" FILE="../../../../../../UnrealEngine4Projects/VRWorkPlaceDes/Content/CreatedObjects/WebBP.uasset" SILENT=true
[2016.07.26-18.38.51:088][179]LogSavePackage: Save=25.13ms
[2016.07.26-18.38.51:088][179]LogSavePackage: Moving '../../../../../../UnrealEngine4Projects/VRWorkPlaceDes/Saved/WebBP9A0F052B47B0B66B80DA18808C11BF91.tmp' to '../../../../../../UnrealEngine4Projects/VRWorkPlaceDes/Content/CreatedObjects/WebBP.uasset'
[2016.07.26-18.38.51:090][179]LogSavePackage:Display: Finished SavePackage ../../../../../../UnrealEngine4Projects/VRWorkPlaceDes/Content/CreatedObjects/WebBP.uasset
[2016.07.26-18.38.52:407][326]Cmd: OBJ SAVEPACKAGE PACKAGE="/Game/Scene/vrWorkplace" FILE="../../../../../../UnrealEngine4Projects/VRWorkPlaceDes/Content/Scene/vrWorkplace.umap" SILENT=true AUTOSAVING=false KEEPDIRTY=false
[2016.07.26-18.38.52:479][326]LogSavePackage: Save=36.03ms
[2016.07.26-18.38.52:479][326]LogSavePackage: Moving '../../../../../../UnrealEngine4Projects/VRWorkPlaceDes/Saved/vrWorkplaceBB75819F460CC5670236C98732F1C38A.tmp' to '../../../../../../UnrealEngine4Projects/VRWorkPlaceDes/Content/Scene/vrWorkplace.umap'
[2016.07.26-18.38.52:481][326]LogSavePackage:Display: Finished SavePackage ../../../../../../UnrealEngine4Projects/VRWorkPlaceDes/Content/Scene/vrWorkplace.umap
[2016.07.26-18.39.01:192][328]LogNavigationPoint: PostEditMove Clear paths rebuilt
[2016.07.26-18.39.02:349][458]LogNavigationPoint: PostEditMove Clear paths rebuilt
[2016.07.26-18.39.03:645][608]LogNavigationPoint: PostEditMove Clear paths rebuilt
[2016.07.26-18.39.07:753][ 74]LogNavigationPoint: PostEditMove Clear paths rebuilt
[2016.07.26-18.39.09:587][261]Cmd: OBJ SAVEPACKAGE PACKAGE="/Game/Scene/vrWorkplace" FILE="../../../../../../UnrealEngine4Projects/VRWorkPlaceDes/Content/Scene/vrWorkplace.umap" SILENT=true AUTOSAVING=false KEEPDIRTY=false
[2016.07.26-18.39.09:655][261]LogSavePackage: Save=35.58ms
[2016.07.26-18.39.09:655][261]LogSavePackage: Moving '../../../../../../UnrealEngine4Projects/VRWorkPlaceDes/Saved/vrWorkplace9570156642B5A123F61FF5A68CD775BA.tmp' to '../../../../../../UnrealEngine4Projects/VRWorkPlaceDes/Content/Scene/vrWorkplace.umap'
[2016.07.26-18.39.09:656][261]LogSavePackage:Display: Finished SavePackage ../../../../../../UnrealEngine4Projects/VRWorkPlaceDes/Content/Scene/vrWorkplace.umap
[2016.07.26-18.39.11:581][477]LogPlayLevel: PlayLevel: No blueprints needed recompiling
[2016.07.26-18.39.11:581][477]PIE: New page: PIE session: vrWorkplace (Jul 26, 2016, 11:39:11 PM)
[2016.07.26-18.39.11:581][477]LogPlayLevel: Creating play world package: /Game/Scene/UEDPIE_0_vrWorkplace
[2016.07.26-18.39.11:584][477]LogPlayLevel: PIE: StaticDuplicateObject took: (0.002665s)
[2016.07.26-18.39.11:585][477]LogAIModule: Creating AISystem for world vrWorkplace
[2016.07.26-18.39.11:585][477]LogPlayLevel: PIE: World Init took: (0.000879s)
[2016.07.26-18.39.11:585][477]LogPlayLevel: PIE: Created PIE world by copying editor world from /Game/Scene/vrWorkplace.vrWorkplace to /Game/Scene/UEDPIE_0_vrWorkplace.vrWorkplace (0.003761s)
[2016.07.26-18.39.11:626][477]LogInit: XAudio2 using 'Speakers (Realtek High Definition Audio)' : 2 channels at 48 kHz using 32 bits per sample (channel mask 0x3)
[2016.07.26-18.39.11:635][477]LogInit: FAudioDevice initialized.
[2016.07.26-18.39.11:697][477]LogWorld: Game class is 'GameMode'
[2016.07.26-18.39.11:700][477]LogWorld: Bringing World /Game/Scene/UEDPIE_0_vrWorkplace.vrWorkplace up for play (max tick rate 0) at 2016.07.26-21.39.11
[2016.07.26-18.39.11:701][477]LogWorld: Bringing up level for play took: 0.002482
[2016.07.26-18.39.11:702][477]PIE: Info Play in editor start time for /Game/Scene/UEDPIE_0_vrWorkplace 0.463
[2016.07.26-18.39.42:512][117]BlueprintLog: New page: Compile WebWidget
[2016.07.26-18.39.42:643][117]BlueprintEditorCompileResults: Info [0517.09] Compile of WebWidget successful! [in 131 ms] (/Game/CreatedObjects/WebWidget.WebWidget)
[2016.07.26-18.39.43:090][165]Cmd: OBJ SAVEPACKAGE PACKAGE="/Game/CreatedObjects/WebWidget" FILE="../../../../../../UnrealEngine4Projects/VRWorkPlaceDes/Content/CreatedObjects/WebWidget.uasset" SILENT=true
[2016.07.26-18.39.43:102][165]LogSavePackage: Save=9.66ms
[2016.07.26-18.39.43:102][165]LogSavePackage: Moving '../../../../../../UnrealEngine4Projects/VRWorkPlaceDes/Saved/WebWidget781047B944602A248DD1E48B50413673.tmp' to '../../../../../../UnrealEngine4Projects/VRWorkPlaceDes/Content/CreatedObjects/WebWidget.uasset'
[2016.07.26-18.39.43:103][165]LogSavePackage:Display: Finished SavePackage ../../../../../../UnrealEngine4Projects/VRWorkPlaceDes/Content/CreatedObjects/WebWidget.uasset
[2016.07.26-18.39.45:390][428]LogPlayLevel: PlayLevel: No blueprints needed recompiling
[2016.07.26-18.39.45:390][428]PIE: New page: PIE session: vrWorkplace (Jul 26, 2016, 11:39:45 PM)
[2016.07.26-18.39.45:390][428]LogPlayLevel: Creating play world package: /Game/Scene/UEDPIE_0_vrWorkplace
[2016.07.26-18.39.45:393][428]LogPlayLevel: PIE: StaticDuplicateObject took: (0.002888s)
[2016.07.26-18.39.45:394][428]LogAIModule: Creating AISystem for world vrWorkplace
[2016.07.26-18.39.45:394][428]LogPlayLevel: PIE: World Init took: (0.000898s)
[2016.07.26-18.39.45:394][428]LogPlayLevel: PIE: Created PIE world by copying editor world from /Game/Scene/vrWorkplace.vrWorkplace to /Game/Scene/UEDPIE_0_vrWorkplace.vrWorkplace (0.004011s)
[2016.07.26-18.39.45:437][428]LogInit: XAudio2 using 'Speakers (Realtek High Definition Audio)' : 2 channels at 48 kHz using 32 bits per sample (channel mask 0x3)
[2016.07.26-18.39.45:446][428]LogInit: FAudioDevice initialized.
[2016.07.26-18.39.45:506][428]LogWorld: Game class is 'GameMode'
[2016.07.26-18.39.45:510][428]LogWorld: Bringing World /Game/Scene/UEDPIE_0_vrWorkplace.vrWorkplace up for play (max tick rate 0) at 2016.07.26-21.39.45
[2016.07.26-18.39.45:510][428]LogWorld: Bringing up level for play took: 0.002514
[2016.07.26-18.39.45:512][428]PIE: Info Play in editor start time for /Game/Scene/UEDPIE_0_vrWorkplace 0.272
[2016.07.26-18.39.59:878][100]BlueprintLog: New page: Compile WebWidget
[2016.07.26-18.40.00:069][100]BlueprintEditorCompileResults: Info [0534.52] Compile of WebWidget successful! [in 191 ms] (/Game/CreatedObjects/WebWidget.WebWidget)
[2016.07.26-18.40.00:540][149]Cmd: OBJ SAVEPACKAGE PACKAGE="/Game/CreatedObjects/WebWidget" FILE="../../../../../../UnrealEngine4Projects/VRWorkPlaceDes/Content/CreatedObjects/WebWidget.uasset" SILENT=true
[2016.07.26-18.40.00:551][149]LogSavePackage: Save=9.40ms
[2016.07.26-18.40.00:551][149]LogSavePackage: Moving '../../../../../../UnrealEngine4Projects/VRWorkPlaceDes/Saved/WebWidget07191B7748D86625B20A06A96BA67711.tmp' to '../../../../../../UnrealEngine4Projects/VRWorkPlaceDes/Content/CreatedObjects/WebWidget.uasset'
[2016.07.26-18.40.00:552][149]LogSavePackage:Display: Finished SavePackage ../../../../../../UnrealEngine4Projects/VRWorkPlaceDes/Content/CreatedObjects/WebWidget.uasset
[2016.07.26-18.40.02:741][399]LogPlayLevel: PlayLevel: No blueprints needed recompiling
[2016.07.26-18.40.02:741][399]PIE: New page: PIE session: vrWorkplace (Jul 26, 2016, 11:40:02 PM)
[2016.07.26-18.40.02:741][399]LogPlayLevel: Creating play world package: /Game/Scene/UEDPIE_0_vrWorkplace
[2016.07.26-18.40.02:744][399]LogPlayLevel: PIE: StaticDuplicateObject took: (0.002987s)
[2016.07.26-18.40.02:745][399]LogAIModule: Creating AISystem for world vrWorkplace
[2016.07.26-18.40.02:745][399]LogPlayLevel: PIE: World Init took: (0.000870s)
[2016.07.26-18.40.02:745][399]LogPlayLevel: PIE: Created PIE world by copying editor world from /Game/Scene/vrWorkplace.vrWorkplace to /Game/Scene/UEDPIE_0_vrWorkplace.vrWorkplace (0.004077s)
[2016.07.26-18.40.02:786][399]LogInit: XAudio2 using 'Speakers (Realtek High Definition Audio)' : 2 channels at 48 kHz using 32 bits per sample (channel mask 0x3)
[2016.07.26-18.40.02:795][399]LogInit: FAudioDevice initialized.
[2016.07.26-18.40.02:851][399]LogWorld: Game class is 'GameMode'
[2016.07.26-18.40.02:855][399]LogWorld: Bringing World /Game/Scene/UEDPIE_0_vrWorkplace.vrWorkplace up for play (max tick rate 0) at 2016.07.26-21.40.02
[2016.07.26-18.40.02:856][399]LogWorld: Bringing up level for play took: 0.002695
[2016.07.26-18.40.02:857][399]PIE: Info Play in editor start time for /Game/Scene/UEDPIE_0_vrWorkplace -0.383
[2016.07.26-18.40.47:187][612]BlueprintLog: New page: Compile WebBP
[2016.07.26-18.40.47:366][612]BlueprintEditorCompileResults: Info [0581.81] Compile of WebBP successful! [in 178 ms] (/Game/CreatedObjects/WebBP.WebBP)
[2016.07.26-18.40.47:707][635]Cmd: OBJ SAVEPACKAGE PACKAGE="/Game/CreatedObjects/WebBP" FILE="../../../../../../UnrealEngine4Projects/VRWorkPlaceDes/Content/CreatedObjects/WebBP.uasset" SILENT=true
[2016.07.26-18.40.47:733][635]LogSavePackage: Save=25.34ms
[2016.07.26-18.40.47:734][635]LogSavePackage: Moving '../../../../../../UnrealEngine4Projects/VRWorkPlaceDes/Saved/WebBP5FA47E30448844A922ADD38293991A85.tmp' to '../../../../../../UnrealEngine4Projects/VRWorkPlaceDes/Content/CreatedObjects/WebBP.uasset'
[2016.07.26-18.40.47:735][635]LogSavePackage:Display: Finished SavePackage ../../../../../../UnrealEngine4Projects/VRWorkPlaceDes/Content/CreatedObjects/WebBP.uasset
[2016.07.26-18.40.49:523][838]Cmd: OBJ SAVEPACKAGE PACKAGE="/Game/Scene/vrWorkplace" FILE="../../../../../../UnrealEngine4Projects/VRWorkPlaceDes/Content/Scene/vrWorkplace.umap" SILENT=true AUTOSAVING=false KEEPDIRTY=false
[2016.07.26-18.40.49:592][838]LogSavePackage: Save=36.04ms
[2016.07.26-18.40.49:592][838]LogSavePackage: Moving '../../../../../../UnrealEngine4Projects/VRWorkPlaceDes/Saved/vrWorkplace589ADDCF483A906402B4F1975F7165A7.tmp' to '../../../../../../UnrealEngine4Projects/VRWorkPlaceDes/Content/Scene/vrWorkplace.umap'
[2016.07.26-18.40.49:593][838]LogSavePackage:Display: Finished SavePackage ../../../../../../UnrealEngine4Projects/VRWorkPlaceDes/Content/Scene/vrWorkplace.umap
[2016.07.26-18.40.50:314][915]LogPlayLevel: PlayLevel: No blueprints needed recompiling
[2016.07.26-18.40.50:314][915]PIE: New page: PIE session: vrWorkplace (Jul 26, 2016, 11:40:50 PM)
[2016.07.26-18.40.50:314][915]LogPlayLevel: Creating play world package: /Game/Scene/UEDPIE_0_vrWorkplace
[2016.07.26-18.40.50:317][915]LogPlayLevel: PIE: StaticDuplicateObject took: (0.002648s)
[2016.07.26-18.40.50:318][915]LogAIModule: Creating AISystem for world vrWorkplace
[2016.07.26-18.40.50:318][915]LogPlayLevel: PIE: World Init took: (0.000903s)
[2016.07.26-18.40.50:318][915]LogPlayLevel: PIE: Created PIE world by copying editor world from /Game/Scene/vrWorkplace.vrWorkplace to /Game/Scene/UEDPIE_0_vrWorkplace.vrWorkplace (0.003767s)
[2016.07.26-18.40.50:361][915]LogInit: XAudio2 using 'Speakers (Realtek High Definition Audio)' : 2 channels at 48 kHz using 32 bits per sample (channel mask 0x3)
[2016.07.26-18.40.50:370][915]LogInit: FAudioDevice initialized.
[2016.07.26-18.40.50:430][915]LogWorld: Game class is 'GameMode'
[2016.07.26-18.40.50:434][915]LogWorld: Bringing World /Game/Scene/UEDPIE_0_vrWorkplace.vrWorkplace up for play (max tick rate 0) at 2016.07.26-21.40.50
[2016.07.26-18.40.50:434][915]LogWorld: Bringing up level for play took: 0.002410
[2016.07.26-18.40.50:436][915]PIE: Info Play in editor start time for /Game/Scene/UEDPIE_0_vrWorkplace -0.804
[2016.07.26-18.41.15:323][822]BlueprintLog: New page: Compile WebBP
[2016.07.26-18.41.15:479][822]BlueprintEditorCompileResults: Info [0609.93] Compile of WebBP successful! [in 155 ms] (/Game/CreatedObjects/WebBP.WebBP)
[2016.07.26-18.41.15:843][854]Cmd: OBJ SAVEPACKAGE PACKAGE="/Game/CreatedObjects/WebBP" FILE="../../../../../../UnrealEngine4Projects/VRWorkPlaceDes/Content/CreatedObjects/WebBP.uasset" SILENT=true
[2016.07.26-18.41.15:870][854]LogSavePackage: Save=25.01ms
[2016.07.26-18.41.15:870][854]LogSavePackage: Moving '../../../../../../UnrealEngine4Projects/VRWorkPlaceDes/Saved/WebBPE566A11E48D81F6484110FA706B1BD83.tmp' to '../../../../../../UnrealEngine4Projects/VRWorkPlaceDes/Content/CreatedObjects/WebBP.uasset'
[2016.07.26-18.41.15:871][854]LogSavePackage:Display: Finished SavePackage ../../../../../../UnrealEngine4Projects/VRWorkPlaceDes/Content/CreatedObjects/WebBP.uasset
[2016.07.26-18.41.17:657][ 57]Cmd: OBJ SAVEPACKAGE PACKAGE="/Game/Scene/vrWorkplace" FILE="../../../../../../UnrealEngine4Projects/VRWorkPlaceDes/Content/Scene/vrWorkplace.umap" SILENT=true AUTOSAVING=false KEEPDIRTY=false
[2016.07.26-18.41.17:728][ 57]LogSavePackage: Save=35.95ms
[2016.07.26-18.41.17:728][ 57]LogSavePackage: Moving '../../../../../../UnrealEngine4Projects/VRWorkPlaceDes/Saved/vrWorkplaceF7D3CB944DCF916468F518ACFDE815E3.tmp' to '../../../../../../UnrealEngine4Projects/VRWorkPlaceDes/Content/Scene/vrWorkplace.umap'
[2016.07.26-18.41.17:729][ 57]LogSavePackage:Display: Finished SavePackage ../../../../../../UnrealEngine4Projects/VRWorkPlaceDes/Content/Scene/vrWorkplace.umap
[2016.07.26-18.41.18:449][133]LogPlayLevel: PlayLevel: No blueprints needed recompiling
[2016.07.26-18.41.18:449][133]PIE: New page: PIE session: vrWorkplace (Jul 26, 2016, 11:41:18 PM)
[2016.07.26-18.41.18:450][133]LogPlayLevel: Creating play world package: /Game/Scene/UEDPIE_0_vrWorkplace
[2016.07.26-18.41.18:453][133]LogPlayLevel: PIE: StaticDuplicateObject took: (0.002912s)
[2016.07.26-18.41.18:453][133]LogAIModule: Creating AISystem for world vrWorkplace
[2016.07.26-18.41.18:453][133]LogPlayLevel: PIE: World Init took: (0.000915s)
[2016.07.26-18.41.18:454][133]LogPlayLevel: PIE: Created PIE world by copying editor world from /Game/Scene/vrWorkplace.vrWorkplace to /Game/Scene/UEDPIE_0_vrWorkplace.vrWorkplace (0.004072s)
[2016.07.26-18.41.18:495][133]LogInit: XAudio2 using 'Speakers (Realtek High Definition Audio)' : 2 channels at 48 kHz using 32 bits per sample (channel mask 0x3)
[2016.07.26-18.41.18:503][133]LogInit: FAudioDevice initialized.
[2016.07.26-18.41.18:562][133]LogWorld: Game class is 'GameMode'
[2016.07.26-18.41.18:565][133]LogWorld: Bringing World /Game/Scene/UEDPIE_0_vrWorkplace.vrWorkplace up for play (max tick rate 0) at 2016.07.26-21.41.18
[2016.07.26-18.41.18:566][133]LogWorld: Bringing up level for play took: 0.002420
[2016.07.26-18.41.18:567][133]PIE: Info Play in editor start time for /Game/Scene/UEDPIE_0_vrWorkplace -0.673
[2016.07.26-18.41.24:067][751]LogPlayLevel: PlayLevel: No blueprints needed recompiling
[2016.07.26-18.41.24:068][751]PIE: New page: PIE session: vrWorkplace (Jul 26, 2016, 11:41:24 PM)
[2016.07.26-18.41.24:068][751]LogPlayLevel: Creating play world package: /Game/Scene/UEDPIE_0_vrWorkplace
[2016.07.26-18.41.24:071][751]LogPlayLevel: PIE: StaticDuplicateObject took: (0.003106s)
[2016.07.26-18.41.24:072][751]LogAIModule: Creating AISystem for world vrWorkplace
[2016.07.26-18.41.24:072][751]LogPlayLevel: PIE: World Init took: (0.000903s)
[2016.07.26-18.41.24:072][751]LogPlayLevel: PIE: Created PIE world by copying editor world from /Game/Scene/vrWorkplace.vrWorkplace to /Game/Scene/UEDPIE_0_vrWorkplace.vrWorkplace (0.004240s)
[2016.07.26-18.41.24:114][751]LogInit: XAudio2 using 'Speakers (Realtek High Definition Audio)' : 2 channels at 48 kHz using 32 bits per sample (channel mask 0x3)
[2016.07.26-18.41.24:122][751]LogInit: FAudioDevice initialized.
[2016.07.26-18.41.24:182][751]LogWorld: Game class is 'GameMode'
[2016.07.26-18.41.24:185][751]LogWorld: Bringing World /Game/Scene/UEDPIE_0_vrWorkplace.vrWorkplace up for play (max tick rate 0) at 2016.07.26-21.41.24
[2016.07.26-18.41.24:186][751]LogWorld: Bringing up level for play took: 0.002629
[2016.07.26-18.41.24:187][751]PIE: Info Play in editor start time for /Game/Scene/UEDPIE_0_vrWorkplace 0.948
[2016.07.26-18.42.14:799][693]LogEditorTransaction: Undo Modify Component(s)
[2016.07.26-18.42.56:007][477]BlueprintLog: New page: Compile WebBP
[2016.07.26-18.42.56:208][477]BlueprintEditorCompileResults: Info [0710.66] Compile of WebBP successful! [in 200 ms] (/Game/CreatedObjects/WebBP.WebBP)
[2016.07.26-18.42.56:627][514]Cmd: OBJ SAVEPACKAGE PACKAGE="/Game/CreatedObjects/WebBP" FILE="../../../../../../UnrealEngine4Projects/VRWorkPlaceDes/Content/CreatedObjects/WebBP.uasset" SILENT=true
[2016.07.26-18.42.56:654][514]LogSavePackage: Save=25.10ms
[2016.07.26-18.42.56:654][514]LogSavePackage: Moving '../../../../../../UnrealEngine4Projects/VRWorkPlaceDes/Saved/WebBPA2C2A6ED4948F1CA680E51AB4FB0ED27.tmp' to '../../../../../../UnrealEngine4Projects/VRWorkPlaceDes/Content/CreatedObjects/WebBP.uasset'
[2016.07.26-18.42.56:655][514]LogSavePackage:Display: Finished SavePackage ../../../../../../UnrealEngine4Projects/VRWorkPlaceDes/Content/CreatedObjects/WebBP.uasset
[2016.07.26-18.42.57:991][663]Cmd: OBJ SAVEPACKAGE PACKAGE="/Game/Scene/vrWorkplace" FILE="../../../../../../UnrealEngine4Projects/VRWorkPlaceDes/Content/Scene/vrWorkplace.umap" SILENT=true AUTOSAVING=false KEEPDIRTY=false
[2016.07.26-18.42.58:059][663]LogSavePackage: Save=36.73ms
[2016.07.26-18.42.58:059][663]LogSavePackage: Moving '../../../../../../UnrealEngine4Projects/VRWorkPlaceDes/Saved/vrWorkplaceD17600C242FD3D7E6FB3ED9D68B49B77.tmp' to '../../../../../../UnrealEngine4Projects/VRWorkPlaceDes/Content/Scene/vrWorkplace.umap'
[2016.07.26-18.42.58:060][663]LogSavePackage:Display: Finished SavePackage ../../../../../../UnrealEngine4Projects/VRWorkPlaceDes/Content/Scene/vrWorkplace.umap
[2016.07.26-18.42.58:776][740]LogPlayLevel: PlayLevel: No blueprints needed recompiling
[2016.07.26-18.42.58:777][740]PIE: New page: PIE session: vrWorkplace (Jul 26, 2016, 11:42:58 PM)
[2016.07.26-18.42.58:777][740]LogPlayLevel: Creating play world package: /Game/Scene/UEDPIE_0_vrWorkplace
[2016.07.26-18.42.58:779][740]LogPlayLevel: PIE: StaticDuplicateObject took: (0.002680s)
[2016.07.26-18.42.58:780][740]LogAIModule: Creating AISystem for world vrWorkplace
[2016.07.26-18.42.58:780][740]LogPlayLevel: PIE: World Init took: (0.000889s)
[2016.07.26-18.42.58:780][740]LogPlayLevel: PIE: Created PIE world by copying editor world from /Game/Scene/vrWorkplace.vrWorkplace to /Game/Scene/UEDPIE_0_vrWorkplace.vrWorkplace (0.003792s)
[2016.07.26-18.42.58:827][740]LogInit: XAudio2 using 'Speakers (Realtek High Definition Audio)' : 2 channels at 48 kHz using 32 bits per sample (channel mask 0x3)
[2016.07.26-18.42.58:836][740]LogInit: FAudioDevice initialized.
[2016.07.26-18.42.58:895][740]LogWorld: Game class is 'GameMode'
[2016.07.26-18.42.58:899][740]LogWorld: Bringing World /Game/Scene/UEDPIE_0_vrWorkplace.vrWorkplace up for play (max tick rate 0) at 2016.07.26-21.42.58
[2016.07.26-18.42.58:899][740]LogWorld: Bringing up level for play took: 0.002413
[2016.07.26-18.42.58:901][740]PIE: Info Play in editor start time for /Game/Scene/UEDPIE_0_vrWorkplace -0.34
[2016.07.26-18.44.15:513][838]BlueprintLog: New page: Compile WebBP
[2016.07.26-18.44.15:652][838]BlueprintEditorCompileResults: Info [0790.10] Compile of WebBP successful! [in 138 ms] (/Game/CreatedObjects/WebBP.WebBP)
[2016.07.26-18.44.16:086][875]Cmd: OBJ SAVEPACKAGE PACKAGE="/Game/CreatedObjects/WebBP" FILE="../../../../../../UnrealEngine4Projects/VRWorkPlaceDes/Content/CreatedObjects/WebBP.uasset" SILENT=true
[2016.07.26-18.44.16:115][875]LogSavePackage: Save=24.99ms
[2016.07.26-18.44.16:115][875]LogSavePackage: Moving '../../../../../../UnrealEngine4Projects/VRWorkPlaceDes/Saved/WebBPD5D045CE4CBA9F55AEA10C8202BB7D37.tmp' to '../../../../../../UnrealEngine4Projects/VRWorkPlaceDes/Content/CreatedObjects/WebBP.uasset'
[2016.07.26-18.44.16:116][875]LogSavePackage:Display: Finished SavePackage ../../../../../../UnrealEngine4Projects/VRWorkPlaceDes/Content/CreatedObjects/WebBP.uasset
[2016.07.26-18.44.18:323][122]Cmd: OBJ SAVEPACKAGE PACKAGE="/Game/Scene/vrWorkplace" FILE="../../../../../../UnrealEngine4Projects/VRWorkPlaceDes/Content/Scene/vrWorkplace.umap" SILENT=true AUTOSAVING=false KEEPDIRTY=false
[2016.07.26-18.44.18:396][122]LogSavePackage: Save=36.14ms
[2016.07.26-18.44.18:396][122]LogSavePackage: Moving '../../../../../../UnrealEngine4Projects/VRWorkPlaceDes/Saved/vrWorkplace4B7F4EB64CD87C895915518B197058F3.tmp' to '../../../../../../UnrealEngine4Projects/VRWorkPlaceDes/Content/Scene/vrWorkplace.umap'
[2016.07.26-18.44.18:397][122]LogSavePackage:Display: Finished SavePackage ../../../../../../UnrealEngine4Projects/VRWorkPlaceDes/Content/Scene/vrWorkplace.umap
[2016.07.26-18.44.19:173][204]LogPlayLevel: PlayLevel: No blueprints needed recompiling
[2016.07.26-18.44.19:173][204]PIE: New page: PIE session: vrWorkplace (Jul 26, 2016, 11:44:19 PM)
[2016.07.26-18.44.19:173][204]LogPlayLevel: Creating play world package: /Game/Scene/UEDPIE_0_vrWorkplace
[2016.07.26-18.44.19:176][204]LogPlayLevel: PIE: StaticDuplicateObject took: (0.002742s)
[2016.07.26-18.44.19:176][204]LogAIModule: Creating AISystem for world vrWorkplace
[2016.07.26-18.44.19:177][204]LogPlayLevel: PIE: World Init took: (0.000877s)
[2016.07.26-18.44.19:177][204]LogPlayLevel: PIE: Created PIE world by copying editor world from /Game/Scene/vrWorkplace.vrWorkplace to /Game/Scene/UEDPIE_0_vrWorkplace.vrWorkplace (0.003842s)
[2016.07.26-18.44.19:220][204]LogInit: XAudio2 using 'Speakers (Realtek High Definition Audio)' : 2 channels at 48 kHz using 32 bits per sample (channel mask 0x3)
[2016.07.26-18.44.19:229][204]LogInit: FAudioDevice initialized.
[2016.07.26-18.44.19:290][204]LogWorld: Game class is 'GameMode'
[2016.07.26-18.44.19:294][204]LogWorld: Bringing World /Game/Scene/UEDPIE_0_vrWorkplace.vrWorkplace up for play (max tick rate 0) at 2016.07.26-21.44.19
[2016.07.26-18.44.19:294][204]LogWorld: Bringing up level for play took: 0.002435
[2016.07.26-18.44.19:296][204]PIE: Info Play in editor start time for /Game/Scene/UEDPIE_0_vrWorkplace 0.055
[2016.07.26-18.44.49:454][778]BlueprintLog: New page: Compile WebWidget
[2016.07.26-18.44.49:586][778]BlueprintEditorCompileResults: Info [0824.03] Compile of WebWidget successful! [in 131 ms] (/Game/CreatedObjects/WebWidget.WebWidget)
[2016.07.26-18.44.50:006][821]Cmd: OBJ SAVEPACKAGE PACKAGE="/Game/CreatedObjects/WebWidget" FILE="../../../../../../UnrealEngine4Projects/VRWorkPlaceDes/Content/CreatedObjects/WebWidget.uasset" SILENT=true
[2016.07.26-18.44.50:019][821]LogSavePackage: Save=9.51ms
[2016.07.26-18.44.50:019][821]LogSavePackage: Moving '../../../../../../UnrealEngine4Projects/VRWorkPlaceDes/Saved/WebWidget10CE648F41E1093B079E6EAD74A1C31C.tmp' to '../../../../../../UnrealEngine4Projects/VRWorkPlaceDes/Content/CreatedObjects/WebWidget.uasset'
[2016.07.26-18.44.50:020][821]LogSavePackage:Display: Finished SavePackage ../../../../../../UnrealEngine4Projects/VRWorkPlaceDes/Content/CreatedObjects/WebWidget.uasset
[2016.07.26-18.44.52:102][ 50]LogPlayLevel: PlayLevel: No blueprints needed recompiling
[2016.07.26-18.44.52:102][ 50]PIE: New page: PIE session: vrWorkplace (Jul 26, 2016, 11:44:52 PM)
[2016.07.26-18.44.52:102][ 50]LogPlayLevel: Creating play world package: /Game/Scene/UEDPIE_0_vrWorkplace
[2016.07.26-18.44.52:105][ 50]LogPlayLevel: PIE: StaticDuplicateObject took: (0.002931s)
[2016.07.26-18.44.52:106][ 50]LogAIModule: Creating AISystem for world vrWorkplace
[2016.07.26-18.44.52:106][ 50]LogPlayLevel: PIE: World Init took: (0.000893s)
[2016.07.26-18.44.52:106][ 50]LogPlayLevel: PIE: Created PIE world by copying editor world from /Game/Scene/vrWorkplace.vrWorkplace to /Game/Scene/UEDPIE_0_vrWorkplace.vrWorkplace (0.004053s)
[2016.07.26-18.44.52:147][ 50]LogInit: XAudio2 using 'Speakers (Realtek High Definition Audio)' : 2 channels at 48 kHz using 32 bits per sample (channel mask 0x3)
[2016.07.26-18.44.52:157][ 50]LogInit: FAudioDevice initialized.
[2016.07.26-18.44.52:214][ 50]LogWorld: Game class is 'GameMode'
[2016.07.26-18.44.52:217][ 50]LogWorld: Bringing World /Game/Scene/UEDPIE_0_vrWorkplace.vrWorkplace up for play (max tick rate 0) at 2016.07.26-21.44.52
[2016.07.26-18.44.52:217][ 50]LogWorld: Bringing up level for play took: 0.002443
[2016.07.26-18.44.52:220][ 50]PIE: Info Play in editor start time for /Game/Scene/UEDPIE_0_vrWorkplace 0.979
[2016.07.26-18.45.32:629][855]BlueprintLog: New page: Compile WebWidget
[2016.07.26-18.45.32:759][855]BlueprintEditorCompileResults: Info [0867.21] Compile of WebWidget successful! [in 130 ms] (/Game/CreatedObjects/WebWidget.WebWidget)
[2016.07.26-18.45.34:915][100]LogPlayLevel: PlayLevel: No blueprints needed recompiling
[2016.07.26-18.45.34:915][100]PIE: New page: PIE session: vrWorkplace (Jul 26, 2016, 11:45:34 PM)
[2016.07.26-18.45.34:915][100]LogPlayLevel: Creating play world package: /Game/Scene/UEDPIE_0_vrWorkplace
[2016.07.26-18.45.34:918][100]LogPlayLevel: PIE: StaticDuplicateObject took: (0.002751s)
[2016.07.26-18.45.34:918][100]LogAIModule: Creating AISystem for world vrWorkplace
[2016.07.26-18.45.34:918][100]LogPlayLevel: PIE: World Init took: (0.000869s)
[2016.07.26-18.45.34:919][100]LogPlayLevel: PIE: Created PIE world by copying editor world from /Game/Scene/vrWorkplace.vrWorkplace to /Game/Scene/UEDPIE_0_vrWorkplace.vrWorkplace (0.003888s)
[2016.07.26-18.45.34:960][100]LogInit: XAudio2 using 'Speakers (Realtek High Definition Audio)' : 2 channels at 48 kHz using 32 bits per sample (channel mask 0x3)
[2016.07.26-18.45.34:969][100]LogInit: FAudioDevice initialized.
[2016.07.26-18.45.35:029][100]LogWorld: Game class is 'GameMode'
[2016.07.26-18.45.35:033][100]LogWorld: Bringing World /Game/Scene/UEDPIE_0_vrWorkplace.vrWorkplace up for play (max tick rate 0) at 2016.07.26-21.45.35
[2016.07.26-18.45.35:033][100]LogWorld: Bringing up level for play took: 0.002406
[2016.07.26-18.45.35:035][100]PIE: Info Play in editor start time for /Game/Scene/UEDPIE_0_vrWorkplace -0.207
[2016.07.26-18.45.59:294][965]BlueprintLog: New page: Compile WebWidget
[2016.07.26-18.45.59:426][965]BlueprintEditorCompileResults: Info [0893.87] Compile of WebWidget successful! [in 131 ms] (/Game/CreatedObjects/WebWidget.WebWidget)
[2016.07.26-18.45.59:839][  8]Cmd: OBJ SAVEPACKAGE PACKAGE="/Game/CreatedObjects/WebWidget" FILE="../../../../../../UnrealEngine4Projects/VRWorkPlaceDes/Content/CreatedObjects/WebWidget.uasset" SILENT=true
[2016.07.26-18.45.59:852][  8]LogSavePackage: Save=9.63ms
[2016.07.26-18.45.59:852][  8]LogSavePackage: Moving '../../../../../../UnrealEngine4Projects/VRWorkPlaceDes/Saved/WebWidgetB2159B1D40C736267533ADB36543AB64.tmp' to '../../../../../../UnrealEngine4Projects/VRWorkPlaceDes/Content/CreatedObjects/WebWidget.uasset'
[2016.07.26-18.45.59:853][  8]LogSavePackage:Display: Finished SavePackage ../../../../../../UnrealEngine4Projects/VRWorkPlaceDes/Content/CreatedObjects/WebWidget.uasset
[2016.07.26-18.46.08:796][ 67]LogPlayLevel: PlayLevel: No blueprints needed recompiling
[2016.07.26-18.46.08:796][ 67]PIE: New page: PIE session: vrWorkplace (Jul 26, 2016, 11:46:08 PM)
[2016.07.26-18.46.08:797][ 67]LogPlayLevel: Creating play world package: /Game/Scene/UEDPIE_0_vrWorkplace
[2016.07.26-18.46.08:799][ 67]LogPlayLevel: PIE: StaticDuplicateObject took: (0.002747s)
[2016.07.26-18.46.08:800][ 67]LogAIModule: Creating AISystem for world vrWorkplace
[2016.07.26-18.46.08:800][ 67]LogPlayLevel: PIE: World Init took: (0.000896s)
[2016.07.26-18.46.08:800][ 67]LogPlayLevel: PIE: Created PIE world by copying editor world from /Game/Scene/vrWorkplace.vrWorkplace to /Game/Scene/UEDPIE_0_vrWorkplace.vrWorkplace (0.003870s)
[2016.07.26-18.46.08:843][ 67]LogInit: XAudio2 using 'Speakers (Realtek High Definition Audio)' : 2 channels at 48 kHz using 32 bits per sample (channel mask 0x3)
[2016.07.26-18.46.08:852][ 67]LogInit: FAudioDevice initialized.
[2016.07.26-18.46.08:911][ 67]LogWorld: Game class is 'GameMode'
[2016.07.26-18.46.08:914][ 67]LogWorld: Bringing World /Game/Scene/UEDPIE_0_vrWorkplace.vrWorkplace up for play (max tick rate 0) at 2016.07.26-21.46.08
[2016.07.26-18.46.08:915][ 67]LogWorld: Bringing up level for play took: 0.002551
[2016.07.26-18.46.08:916][ 67]PIE: Info Play in editor start time for /Game/Scene/UEDPIE_0_vrWorkplace -0.326
[2016.07.26-18.47.19:533][436]LogEditorTransaction: Undo Set Vector Property
[2016.07.26-18.47.30:629][724]BlueprintLog: New page: Compile WebWidget
[2016.07.26-18.47.30:759][724]BlueprintEditorCompileResults: Info [0985.21] Compile of WebWidget successful! [in 129 ms] (/Game/CreatedObjects/WebWidget.WebWidget)
[2016.07.26-18.47.31:205][772]Cmd: OBJ SAVEPACKAGE PACKAGE="/Game/CreatedObjects/WebWidget" FILE="../../../../../../UnrealEngine4Projects/VRWorkPlaceDes/Content/CreatedObjects/WebWidget.uasset" SILENT=true
[2016.07.26-18.47.31:218][772]LogSavePackage: Save=9.75ms
[2016.07.26-18.47.31:218][772]LogSavePackage: Moving '../../../../../../UnrealEngine4Projects/VRWorkPlaceDes/Saved/WebWidget8F11B0394DF607896CDE95AF0826C56F.tmp' to '../../../../../../UnrealEngine4Projects/VRWorkPlaceDes/Content/CreatedObjects/WebWidget.uasset'
[2016.07.26-18.47.31:219][772]LogSavePackage:Display: Finished SavePackage ../../../../../../UnrealEngine4Projects/VRWorkPlaceDes/Content/CreatedObjects/WebWidget.uasset
[2016.07.26-18.47.32:989][976]LogPlayLevel: PlayLevel: No blueprints needed recompiling
[2016.07.26-18.47.32:989][976]PIE: New page: PIE session: vrWorkplace (Jul 26, 2016, 11:47:32 PM)
[2016.07.26-18.47.32:989][976]LogPlayLevel: Creating play world package: /Game/Scene/UEDPIE_0_vrWorkplace
[2016.07.26-18.47.32:992][976]LogPlayLevel: PIE: StaticDuplicateObject took: (0.002758s)
[2016.07.26-18.47.32:993][976]LogAIModule: Creating AISystem for world vrWorkplace
[2016.07.26-18.47.32:993][976]LogPlayLevel: PIE: World Init took: (0.000870s)
[2016.07.26-18.47.32:993][976]LogPlayLevel: PIE: Created PIE world by copying editor world from /Game/Scene/vrWorkplace.vrWorkplace to /Game/Scene/UEDPIE_0_vrWorkplace.vrWorkplace (0.003856s)
[2016.07.26-18.47.33:035][976]LogInit: XAudio2 using 'Speakers (Realtek High Definition Audio)' : 2 channels at 48 kHz using 32 bits per sample (channel mask 0x3)
[2016.07.26-18.47.33:044][976]LogInit: FAudioDevice initialized.
[2016.07.26-18.47.33:106][976]LogWorld: Game class is 'GameMode'
[2016.07.26-18.47.33:109][976]LogWorld: Bringing World /Game/Scene/UEDPIE_0_vrWorkplace.vrWorkplace up for play (max tick rate 0) at 2016.07.26-21.47.33
[2016.07.26-18.47.33:110][976]LogWorld: Bringing up level for play took: 0.002792
[2016.07.26-18.47.33:111][976]PIE: Info Play in editor start time for /Game/Scene/UEDPIE_0_vrWorkplace -0.13
[2016.07.26-18.47.44:530][313]BlueprintLog: New page: Compile WebWidget
[2016.07.26-18.47.44:660][313]BlueprintEditorCompileResults: Info [0999.11] Compile of WebWidget successful! [in 129 ms] (/Game/CreatedObjects/WebWidget.WebWidget)
[2016.07.26-18.47.45:356][391]Cmd: OBJ SAVEPACKAGE PACKAGE="/Game/CreatedObjects/WebWidget" FILE="../../../../../../UnrealEngine4Projects/VRWorkPlaceDes/Content/CreatedObjects/WebWidget.uasset" SILENT=true
[2016.07.26-18.47.45:368][391]LogSavePackage: Save=9.41ms
[2016.07.26-18.47.45:368][391]LogSavePackage: Moving '../../../../../../UnrealEngine4Projects/VRWorkPlaceDes/Saved/WebWidgetD1B29B364F0C9B81386643835E815055.tmp' to '../../../../../../UnrealEngine4Projects/VRWorkPlaceDes/Content/CreatedObjects/WebWidget.uasset'
[2016.07.26-18.47.45:369][391]LogSavePackage:Display: Finished SavePackage ../../../../../../UnrealEngine4Projects/VRWorkPlaceDes/Content/CreatedObjects/WebWidget.uasset
[2016.07.26-18.48.08:652][ 68]LogPlayLevel: PlayLevel: No blueprints needed recompiling
[2016.07.26-18.48.08:653][ 68]PIE: New page: PIE session: vrWorkplace (Jul 26, 2016, 11:48:08 PM)
[2016.07.26-18.48.08:653][ 68]LogPlayLevel: Creating play world package: /Game/Scene/UEDPIE_0_vrWorkplace
[2016.07.26-18.48.08:655][ 68]LogPlayLevel: PIE: StaticDuplicateObject took: (0.002674s)
[2016.07.26-18.48.08:656][ 68]LogAIModule: Creating AISystem for world vrWorkplace
[2016.07.26-18.48.08:656][ 68]LogPlayLevel: PIE: World Init took: (0.000878s)
[2016.07.26-18.48.08:657][ 68]LogPlayLevel: PIE: Created PIE world by copying editor world from /Game/Scene/vrWorkplace.vrWorkplace to /Game/Scene/UEDPIE_0_vrWorkplace.vrWorkplace (0.003792s)
[2016.07.26-18.48.08:699][ 68]LogInit: XAudio2 using 'Speakers (Realtek High Definition Audio)' : 2 channels at 48 kHz using 32 bits per sample (channel mask 0x3)
[2016.07.26-18.48.08:708][ 68]LogInit: FAudioDevice initialized.
[2016.07.26-18.48.08:767][ 68]LogWorld: Game class is 'GameMode'
[2016.07.26-18.48.08:771][ 68]LogWorld: Bringing World /Game/Scene/UEDPIE_0_vrWorkplace.vrWorkplace up for play (max tick rate 0) at 2016.07.26-21.48.08
[2016.07.26-18.48.08:771][ 68]LogWorld: Bringing up level for play took: 0.002588
[2016.07.26-18.48.08:773][ 68]PIE: Info Play in editor start time for /Game/Scene/UEDPIE_0_vrWorkplace -0.469
[2016.07.26-18.48.19:856][329]Cmd: OBJ SAVEPACKAGE PACKAGE="/Game/Scene/vrWorkplace" FILE="../../../../../../UnrealEngine4Projects/VRWorkPlaceDes/Content/Scene/vrWorkplace.umap" SILENT=true AUTOSAVING=false KEEPDIRTY=false
[2016.07.26-18.48.19:930][329]LogSavePackage: Save=36.85ms
[2016.07.26-18.48.19:930][329]LogSavePackage: Moving '../../../../../../UnrealEngine4Projects/VRWorkPlaceDes/Saved/vrWorkplaceC7AD17C14909EBFA42218AA16D4E75C6.tmp' to '../../../../../../UnrealEngine4Projects/VRWorkPlaceDes/Content/Scene/vrWorkplace.umap'
[2016.07.26-18.48.19:931][329]LogSavePackage:Display: Finished SavePackage ../../../../../../UnrealEngine4Projects/VRWorkPlaceDes/Content/Scene/vrWorkplace.umap
[2016.07.26-18.55.12:822][789]BlueprintLog: New page: Compile WebBP
[2016.07.26-18.55.13:278][789]BlueprintEditorCompileResults: Info [1447.72] Compile of WebBP successful! [in 456 ms] (/Game/CreatedObjects/WebBP.WebBP)
[2016.07.26-18.55.13:963][862]Cmd: OBJ SAVEPACKAGE PACKAGE="/Game/CreatedObjects/WebBP" FILE="../../../../../../UnrealEngine4Projects/VRWorkPlaceDes/Content/CreatedObjects/WebBP.uasset" SILENT=true
[2016.07.26-18.55.14:008][862]LogSavePackage: Save=38.95ms
[2016.07.26-18.55.14:008][862]LogSavePackage: Moving '../../../../../../UnrealEngine4Projects/VRWorkPlaceDes/Saved/WebBP0B21C6984176972EB29CE09EAF1F6FD5.tmp' to '../../../../../../UnrealEngine4Projects/VRWorkPlaceDes/Content/CreatedObjects/WebBP.uasset'
[2016.07.26-18.55.14:009][862]LogSavePackage:Display: Finished SavePackage ../../../../../../UnrealEngine4Projects/VRWorkPlaceDes/Content/CreatedObjects/WebBP.uasset
[2016.07.26-18.55.22:222][836]Cmd: OBJ SAVEPACKAGE PACKAGE="/Game/Scene/vrWorkplace" FILE="../../../../../../UnrealEngine4Projects/VRWorkPlaceDes/Content/Scene/vrWorkplace.umap" SILENT=true AUTOSAVING=false KEEPDIRTY=false
[2016.07.26-18.55.22:302][836]LogSavePackage: Save=36.83ms
[2016.07.26-18.55.22:302][836]LogSavePackage: Moving '../../../../../../UnrealEngine4Projects/VRWorkPlaceDes/Saved/vrWorkplace3D1EFC3D47463E74B4C445AED2F3702F.tmp' to '../../../../../../UnrealEngine4Projects/VRWorkPlaceDes/Content/Scene/vrWorkplace.umap'
[2016.07.26-18.55.22:303][836]LogSavePackage:Display: Finished SavePackage ../../../../../../UnrealEngine4Projects/VRWorkPlaceDes/Content/Scene/vrWorkplace.umap
[2016.07.26-18.56.33:398][244]LogPlayLevel: PlayLevel: No blueprints needed recompiling
[2016.07.26-18.56.33:398][244]PIE: New page: PIE session: vrWorkplace (Jul 26, 2016, 11:56:33 PM)
[2016.07.26-18.56.33:398][244]LogPlayLevel: Creating play world package: /Game/Scene/UEDPIE_0_vrWorkplace
[2016.07.26-18.56.33:401][244]LogPlayLevel: PIE: StaticDuplicateObject took: (0.003191s)
[2016.07.26-18.56.33:402][244]LogAIModule: Creating AISystem for world vrWorkplace
[2016.07.26-18.56.33:402][244]LogPlayLevel: PIE: World Init took: (0.001049s)
[2016.07.26-18.56.33:403][244]LogPlayLevel: PIE: Created PIE world by copying editor world from /Game/Scene/vrWorkplace.vrWorkplace to /Game/Scene/UEDPIE_0_vrWorkplace.vrWorkplace (0.004481s)
[2016.07.26-18.56.33:447][244]LogInit: XAudio2 using 'Speakers (Realtek High Definition Audio)' : 2 channels at 48 kHz using 32 bits per sample (channel mask 0x3)
[2016.07.26-18.56.33:456][244]LogInit: FAudioDevice initialized.
[2016.07.26-18.56.33:515][244]LogWorld: Game class is 'GameMode'
[2016.07.26-18.56.33:519][244]LogWorld: Bringing World /Game/Scene/UEDPIE_0_vrWorkplace.vrWorkplace up for play (max tick rate 0) at 2016.07.26-21.56.33
[2016.07.26-18.56.33:519][244]LogWorld: Bringing up level for play took: 0.002598
[2016.07.26-18.56.33:521][244]PIE: Info Play in editor start time for /Game/Scene/UEDPIE_0_vrWorkplace 0.277
[2016.07.26-18.57.04:460][856]Cmd: OBJ SAVEPACKAGE PACKAGE="/Game/Scene/vrWorkplace" FILE="../../../../../../Unre